<?xml version="1.0" encoding="UTF-8"?>
<!-- Generated by org.testng.reporters.JUnitXMLReporter -->
<testsuite ignored="0" hostname="DESKTOP-2LA3LHA" failures="0" tests="7" name="GoRestAPIwithHTTPClient" time="5.533" errors="0" timestamp="2025-05-03T20:39:22 EEST">
  <testcase classname="tests.PostApiTest" name="createUserTest" time="1.813"/>
  <testcase classname="tests.PutApiTest" name="updateUser" time="0.547"/>
  <testcase classname="tests.PatchApiTest" name="partiallyUpdateUser" time="0.43"/>
  <testcase classname="tests.DeleteApiTest" name="deleteUserTest" time="0.788"/>
  <testcase classname="tests.GetApiTest" name="getUserDetailsTest" time="0.358"/>
  <testcase classname="tests.GetApiTest" name="getAllUsersTest" time="0.403"/>
  <testcase classname="tests.GetApiTest" name="getAllUsersParamsTest" time="0.375"/>
</testsuite> <!-- GoRestAPIwithHTTPClient -->
