<?xml version="1.0" encoding="UTF-8"?>
<!-- Generated by org.testng.reporters.JUnitXMLReporter -->
<testsuite ignored="0" hostname="DESKTOP-2LA3LHA" failures="0" tests="7" name="GoRestAPIwithHTTPClient" time="5.93" errors="0" timestamp="2025-05-12T15:56:03 EEST">
  <testcase classname="tests.CreateUserTest" name="createUserTest" time="1.781"/>
  <testcase classname="tests.UpdateUserTest" name="updateUser" time="0.546"/>
  <testcase classname="tests.PartiallyUpdateUserTest" name="partiallyUpdateUser" time="0.765"/>
  <testcase classname="tests.DeleteUserTest" name="deleteUserTest" time="0.406"/>
  <testcase classname="tests.GetUserTest" name="getUserDetailsTest" time="0.402"/>
  <testcase classname="tests.GetUserTest" name="getAllUsersTest" time="0.807"/>
  <testcase classname="tests.GetUserTest" name="getAllUsersParamsTest" time="0.412"/>
</testsuite> <!-- GoRestAPIwithHTTPClient -->
