<?xml version="1.0" encoding="UTF-8"?>
<testng-results ignored="0" total="7" passed="7" failed="0" skipped="0">
  <reporter-output>
  </reporter-output>
  <suite started-at="2025-05-12T21:43:35 EEST" name="All Test Suite" finished-at="2025-05-12T21:43:40 EEST" duration-ms="5765">
    <groups>
    </groups>
    <test started-at="2025-05-12T21:43:35 EEST" name="GoRestAPIwithHTTPClient" finished-at="2025-05-12T21:43:40 EEST" duration-ms="5765">
      <class name="tests.CreateUserTest">
        <test-method is-config="true" signature="setUp()[pri:0, instance:tests.CreateUserTest@c03cf28]" started-at="2025-05-12T21:43:35 EEST" name="setUp" finished-at="2025-05-12T21:43:35 EEST" duration-ms="131" status="PASS">
          <reporter-output>
          </reporter-output>
        </test-method> <!-- setUp -->
        <test-method signature="createUserTest()[pri:0, instance:tests.CreateUserTest@c03cf28]" started-at="2025-05-12T21:43:36 EEST" name="createUserTest" finished-at="2025-05-12T21:43:37 EEST" duration-ms="1670" status="PASS">
          <reporter-output>
          </reporter-output>
        </test-method> <!-- createUserTest -->
      </class> <!-- tests.CreateUserTest -->
      <class name="tests.UpdateUserTest">
        <test-method is-config="true" signature="setUp()[pri:0, instance:tests.UpdateUserTest@5f683daf]" started-at="2025-05-12T21:43:36 EEST" name="setUp" finished-at="2025-05-12T21:43:36 EEST" duration-ms="1" status="PASS">
          <reporter-output>
          </reporter-output>
        </test-method> <!-- setUp -->
        <test-method signature="updateUser()[pri:0, instance:tests.UpdateUserTest@5f683daf]" started-at="2025-05-12T21:43:37 EEST" name="updateUser" finished-at="2025-05-12T21:43:38 EEST" duration-ms="570" status="PASS">
          <reporter-output>
          </reporter-output>
        </test-method> <!-- updateUser -->
      </class> <!-- tests.UpdateUserTest -->
      <class name="tests.GetUserTest">
        <test-method is-config="true" signature="setUp()[pri:0, instance:tests.GetUserTest@76f2bbc1]" started-at="2025-05-12T21:43:35 EEST" name="setUp" finished-at="2025-05-12T21:43:36 EEST" duration-ms="894" status="PASS">
          <reporter-output>
          </reporter-output>
        </test-method> <!-- setUp -->
        <test-method signature="getUserDetailsTest()[pri:0, instance:tests.GetUserTest@76f2bbc1]" started-at="2025-05-12T21:43:39 EEST" name="getUserDetailsTest" finished-at="2025-05-12T21:43:40 EEST" duration-ms="765" status="PASS">
          <reporter-output>
          </reporter-output>
        </test-method> <!-- getUserDetailsTest -->
        <test-method signature="getAllUsersTest()[pri:0, instance:tests.GetUserTest@76f2bbc1]" started-at="2025-05-12T21:43:40 EEST" name="getAllUsersTest" finished-at="2025-05-12T21:43:40 EEST" duration-ms="339" status="PASS">
          <reporter-output>
          </reporter-output>
        </test-method> <!-- getAllUsersTest -->
        <test-method signature="getAllUsersParamsTest()[pri:0, instance:tests.GetUserTest@76f2bbc1]" started-at="2025-05-12T21:43:40 EEST" name="getAllUsersParamsTest" finished-at="2025-05-12T21:43:40 EEST" duration-ms="406" status="PASS">
          <reporter-output>
          </reporter-output>
        </test-method> <!-- getAllUsersParamsTest -->
      </class> <!-- tests.GetUserTest -->
      <class name="tests.DeleteUserTest">
        <test-method is-config="true" signature="setUp()[pri:0, instance:tests.DeleteUserTest@8317c52]" started-at="2025-05-12T21:43:35 EEST" name="setUp" finished-at="2025-05-12T21:43:35 EEST" duration-ms="3" status="PASS">
          <reporter-output>
          </reporter-output>
        </test-method> <!-- setUp -->
        <test-method signature="deleteUserTest()[pri:0, instance:tests.DeleteUserTest@8317c52]" started-at="2025-05-12T21:43:38 EEST" name="deleteUserTest" finished-at="2025-05-12T21:43:39 EEST" duration-ms="439" status="PASS">
          <reporter-output>
          </reporter-output>
        </test-method> <!-- deleteUserTest -->
      </class> <!-- tests.DeleteUserTest -->
      <class name="tests.PartiallyUpdateUserTest">
        <test-method is-config="true" signature="SetUp()[pri:0, instance:tests.PartiallyUpdateUserTest@78ffe6dc]" started-at="2025-05-12T21:43:36 EEST" name="SetUp" finished-at="2025-05-12T21:43:36 EEST" duration-ms="2" status="PASS">
          <reporter-output>
          </reporter-output>
        </test-method> <!-- SetUp -->
        <test-method signature="partiallyUpdateUser()[pri:0, instance:tests.PartiallyUpdateUserTest@78ffe6dc]" started-at="2025-05-12T21:43:38 EEST" name="partiallyUpdateUser" finished-at="2025-05-12T21:43:38 EEST" duration-ms="388" status="PASS">
          <reporter-output>
          </reporter-output>
        </test-method> <!-- partiallyUpdateUser -->
      </class> <!-- tests.PartiallyUpdateUserTest -->
    </test> <!-- GoRestAPIwithHTTPClient -->
  </suite> <!-- All Test Suite -->
</testng-results>
