<?xml version="1.0" encoding="UTF-8"?>
<testng-results ignored="0" total="7" passed="7" failed="0" skipped="0">
  <reporter-output>
  </reporter-output>
  <suite started-at="2025-05-11T18:26:16 EEST" name="All Test Suite" finished-at="2025-05-11T18:26:23 EEST" duration-ms="6328">
    <groups>
    </groups>
    <test started-at="2025-05-11T18:26:16 EEST" name="GoRestAPIwithHTTPClient" finished-at="2025-05-11T18:26:23 EEST" duration-ms="6328">
      <class name="tests.PatchApiTest">
        <test-method is-config="true" signature="SetUp()[pri:0, instance:tests.PatchApiTest@41c2284a]" started-at="2025-05-11T18:26:17 EEST" name="SetUp" finished-at="2025-05-11T18:26:17 EEST" duration-ms="2" status="PASS">
          <reporter-output>
          </reporter-output>
        </test-method> <!-- SetUp -->
        <test-method signature="partiallyUpdateUser()[pri:0, instance:tests.PatchApiTest@41c2284a]" started-at="2025-05-11T18:26:20 EEST" name="partiallyUpdateUser" finished-at="2025-05-11T18:26:21 EEST" duration-ms="778" status="PASS">
          <reporter-output>
          </reporter-output>
        </test-method> <!-- partiallyUpdateUser -->
      </class> <!-- tests.PatchApiTest -->
      <class name="tests.PostApiTest">
        <test-method is-config="true" signature="setUp()[pri:0, instance:tests.PostApiTest@87a85e1]" started-at="2025-05-11T18:26:17 EEST" name="setUp" finished-at="2025-05-11T18:26:17 EEST" duration-ms="1" status="PASS">
          <reporter-output>
          </reporter-output>
        </test-method> <!-- setUp -->
        <test-method signature="createUserTest()[pri:0, instance:tests.PostApiTest@87a85e1]" started-at="2025-05-11T18:26:17 EEST" name="createUserTest" finished-at="2025-05-11T18:26:19 EEST" duration-ms="1852" status="PASS">
          <reporter-output>
          </reporter-output>
        </test-method> <!-- createUserTest -->
      </class> <!-- tests.PostApiTest -->
      <class name="tests.GetApiTest">
        <test-method is-config="true" signature="setUp()[pri:0, instance:tests.GetApiTest@46fa7c39]" started-at="2025-05-11T18:26:16 EEST" name="setUp" finished-at="2025-05-11T18:26:17 EEST" duration-ms="614" status="PASS">
          <reporter-output>
          </reporter-output>
        </test-method> <!-- setUp -->
        <test-method signature="getUserDetailsTest()[pri:0, instance:tests.GetApiTest@46fa7c39]" started-at="2025-05-11T18:26:21 EEST" name="getUserDetailsTest" finished-at="2025-05-11T18:26:21 EEST" duration-ms="381" status="PASS">
          <reporter-output>
          </reporter-output>
        </test-method> <!-- getUserDetailsTest -->
        <test-method signature="getAllUsersTest()[pri:0, instance:tests.GetApiTest@46fa7c39]" started-at="2025-05-11T18:26:21 EEST" name="getAllUsersTest" finished-at="2025-05-11T18:26:22 EEST" duration-ms="401" status="PASS">
          <reporter-output>
          </reporter-output>
        </test-method> <!-- getAllUsersTest -->
        <test-method signature="getAllUsersParamsTest()[pri:0, instance:tests.GetApiTest@46fa7c39]" started-at="2025-05-11T18:26:22 EEST" name="getAllUsersParamsTest" finished-at="2025-05-11T18:26:23 EEST" duration-ms="797" status="PASS">
          <reporter-output>
          </reporter-output>
        </test-method> <!-- getAllUsersParamsTest -->
      </class> <!-- tests.GetApiTest -->
      <class name="tests.DeleteApiTest">
        <test-method is-config="true" signature="setUp()[pri:0, instance:tests.DeleteApiTest@53aad5d5]" started-at="2025-05-11T18:26:16 EEST" name="setUp" finished-at="2025-05-11T18:26:16 EEST" duration-ms="58" status="PASS">
          <reporter-output>
          </reporter-output>
        </test-method> <!-- setUp -->
        <test-method signature="deleteUserTest()[pri:0, instance:tests.DeleteApiTest@53aad5d5]" started-at="2025-05-11T18:26:21 EEST" name="deleteUserTest" finished-at="2025-05-11T18:26:21 EEST" duration-ms="440" status="PASS">
          <reporter-output>
          </reporter-output>
        </test-method> <!-- deleteUserTest -->
      </class> <!-- tests.DeleteApiTest -->
      <class name="tests.PutApiTest">
        <test-method is-config="true" signature="setUp()[pri:0, instance:tests.PutApiTest@6497b078]" started-at="2025-05-11T18:26:17 EEST" name="setUp" finished-at="2025-05-11T18:26:17 EEST" duration-ms="3" status="PASS">
          <reporter-output>
          </reporter-output>
        </test-method> <!-- setUp -->
        <test-method signature="updateUser()[pri:0, instance:tests.PutApiTest@6497b078]" started-at="2025-05-11T18:26:19 EEST" name="updateUser" finished-at="2025-05-11T18:26:20 EEST" duration-ms="872" status="PASS">
          <reporter-output>
          </reporter-output>
        </test-method> <!-- updateUser -->
      </class> <!-- tests.PutApiTest -->
    </test> <!-- GoRestAPIwithHTTPClient -->
  </suite> <!-- All Test Suite -->
</testng-results>
